<?xml version="1.0" encoding="UTF-8"?>
<!-- Generated by org.testng.reporters.JUnitReportReporter -->
<testsuite hostname="LAPTOP-6VC1KQO5" failures="0" tests="2" name="Academy.Homepage" time="11.231" errors="0" timestamp="2022-01-12T17:51:55 GMT-05:00" skipped="0">
  <testcase classname="Academy.Homepage" name="basePageNavigation" time="3.419"/>
  <system-out/>
  <testcase classname="Academy.Homepage" name="basePageNavigation" time="7.812"/>
  <system-out/>
</testsuite> <!-- Academy.Homepage -->
