<?xml version="1.0" encoding="UTF-8"?>
<!-- Generated by org.testng.reporters.JUnitReportReporter -->
<testsuite hostname="LAPTOP-6VC1KQO5" failures="0" tests="2" name="Academy.Ticketbooking" time="9.026" errors="0" timestamp="2022-01-12T17:51:55 GMT-05:00" skipped="0">
  <testcase classname="Academy.Ticketbooking" name="onewaytrip" time="7.183"/>
  <system-out/>
  <testcase classname="Academy.Ticketbooking" name="twowayTrip" time="1.843"/>
  <system-out/>
</testsuite> <!-- Academy.Ticketbooking -->
