<?xml version="1.0" encoding="UTF-8"?>
<!-- Generated by org.testng.reporters.JUnitReportReporter -->
<testsuite hostname="LAPTOP-6VC1KQO5" failures="0" tests="2" name="Academy.Homepage" time="25.670" errors="0" timestamp="2021-12-23T11:36:23 GMT-05:00" skipped="0">
  <testcase classname="Academy.Homepage" name="basePageNavigation" time="13.055"/>
  <system-out/>
  <testcase classname="Academy.Homepage" name="basePageNavigation" time="12.615"/>
  <system-out/>
</testsuite> <!-- Academy.Homepage -->
