<?xml version="1.0" encoding="UTF-8"?>
<!-- Generated by org.testng.reporters.JUnitReportReporter -->
<testsuite hostname="LAPTOP-6VC1KQO5" failures="0" tests="1" name="Academy.Validatetitle" time="10.087" errors="0" timestamp="2021-12-23T11:36:23 GMT-05:00" skipped="0">
  <testcase classname="Academy.Validatetitle" name="basePageNavigation" time="10.087"/>
  <system-out/>
</testsuite> <!-- Academy.Validatetitle -->
